<?xml version="1.0" encoding="UTF-8"?>
<testsuite name="io.turntabl.springbootdemo.MathTest" tests="1" skipped="0" failures="0" errors="0" timestamp="2019-11-20T16:19:12" hostname="pkerbynn" time="0.086">
  <properties/>
  <testcase name="add_nonNegatives()" classname="io.turntabl.springbootdemo.MathTest" time="0.086"/>
  <system-out><![CDATA[]]></system-out>
  <system-err><![CDATA[]]></system-err>
</testsuite>
