<?xml version="1.0" encoding="UTF-8"?>
<testsuite name="io.turntabl.springbootdemo.MathTest" tests="5" skipped="0" failures="0" errors="0" timestamp="2019-11-20T16:11:12" hostname="pkerbynn" time="0.195">
  <properties/>
  <testcase name="substract_positives()" classname="io.turntabl.springbootdemo.MathTest" time="0.16"/>
  <testcase name="add_negatives()" classname="io.turntabl.springbootdemo.MathTest" time="0.006"/>
  <testcase name="add_zeros()" classname="io.turntabl.springbootdemo.MathTest" time="0.004"/>
  <testcase name="add_negAndNonNeg()" classname="io.turntabl.springbootdemo.MathTest" time="0.004"/>
  <testcase name="add_nonNegatives()" classname="io.turntabl.springbootdemo.MathTest" time="0.004"/>
  <system-out><![CDATA[]]></system-out>
  <system-err><![CDATA[]]></system-err>
</testsuite>
